<?xml version="1.0" encoding="UTF-8"?>
<!-- Generated by org.testng.reporters.JUnitXMLReporter -->
<testsuite hostname="Priyanka" ignored="0" name="Test" tests="1" failures="1" timestamp="27 Jun 2021 17:37:08 GMT" time="34.08" errors="0">
  <testcase name="login" time="8.052" classname="test.SimpliLearnLogin">
    <failure type="org.openqa.selenium.NoSuchElementException" message="Unable to find element with locator By.name: user_login
For documentation on this error, please visit: https://selenium.dev/exceptions/#no_such_element
Build info: version: &amp;apos;4.0.0-beta-3&amp;apos;, revision: &amp;apos;5d108f9a67&amp;apos;
System info: host: &amp;apos;PRIYANKA&amp;apos;, ip: &amp;apos;192.168.56.1&amp;apos;, os.name: &amp;apos;Windows 10&amp;apos;, os.arch: &amp;apos;amd64&amp;apos;, os.version: &amp;apos;10.0&amp;apos;, java.version: &amp;apos;1.8.0_291&amp;apos;
Driver info: driver.version: RemoteWebDriver">
      <![CDATA[org.openqa.selenium.NoSuchElementException: Unable to find element with locator By.name: user_login
For documentation on this error, please visit: https://selenium.dev/exceptions/#no_such_element
Build info: version: '4.0.0-beta-3', revision: '5d108f9a67'
System info: host: 'PRIYANKA', ip: '192.168.56.1', os.name: 'Windows 10', os.arch: 'amd64', os.version: '10.0', java.version: '1.8.0_291'
Driver info: driver.version: RemoteWebDriver
at org.openqa.selenium.remote.RemoteWebDriver$Mechanism$2.findElement(RemoteWebDriver.java:1261)
at org.openqa.selenium.remote.RemoteWebDriver.findElement(RemoteWebDriver.java:393)
at org.openqa.selenium.remote.RemoteWebDriver.findElement(RemoteWebDriver.java:380)
at test.SimpliLearnLogin.login(SimpliLearnLogin.java:73)
... Removed 25 stack frames]]>
    </failure>
  </testcase> <!-- login -->
</testsuite> <!-- Test -->
