<?xml version="1.0" encoding="UTF-8"?>
<testng-results skipped="0" failed="0" ignored="0" total="2" passed="2">
  <reporter-output>
  </reporter-output>
  <suite name="Regression Suite" duration-ms="38060" started-at="2021-07-03T19:10:57Z" finished-at="2021-07-03T19:11:35Z">
    <groups>
    </groups>
    <test name="Test" duration-ms="38060" started-at="2021-07-03T19:10:57Z" finished-at="2021-07-03T19:11:35Z">
      <class name="test.ParallelTest">
        <test-method status="PASS" signature="Test1()[pri:0, instance:test.ParallelTest@a7e666]" name="Test1" duration-ms="31107" started-at="2021-07-03T19:10:57Z" finished-at="2021-07-03T19:11:28Z">
          <reporter-output>
          </reporter-output>
        </test-method> <!-- Test1 -->
        <test-method status="PASS" signature="Test2()[pri:0, instance:test.ParallelTest@a7e666]" name="Test2" duration-ms="38026" started-at="2021-07-03T19:10:57Z" finished-at="2021-07-03T19:11:35Z">
          <reporter-output>
          </reporter-output>
        </test-method> <!-- Test2 -->
      </class> <!-- test.ParallelTest -->
    </test> <!-- Test -->
  </suite> <!-- Regression Suite -->
</testng-results>
